<?xml version="1.0" encoding="UTF-8"?>
<!-- Generated by org.testng.reporters.JUnitReportReporter -->
<testsuite skipped="0" hostname="CD059" name="tc_BasicDispatch_SelectPrinter_SampleAcknowledgementByTechnician_DDCRefundCancel.S49_Canceling2of4ServicesWithBillLevelDiscountInPercentageAndPatientNotPaidTheBill" tests="1" failures="0" timestamp="11 Jun 2018 07:33:20 GMT" time="425.774" errors="0">
  <testcase name="s49_Canceling2of4ServicesWithBillLevelDiscountInPercentageAndPatientNotPaidTheBill" time="425.774" classname="tc_BasicDispatch_SelectPrinter_SampleAcknowledgementByTechnician_DDCRefundCancel.S49_Canceling2of4ServicesWithBillLevelDiscountInPercentageAndPatientNotPaidTheBill"/>
</testsuite> <!-- tc_BasicDispatch_SelectPrinter_SampleAcknowledgementByTechnician_DDCRefundCancel.S49_Canceling2of4ServicesWithBillLevelDiscountInPercentageAndPatientNotPaidTheBill -->
