<?xml version="1.0" encoding="UTF-8"?>
<!-- Generated by org.testng.reporters.JUnitReportReporter -->
<testsuite skipped="0" hostname="CD059" name="tc_BasicDispatch_SelectPrinter_SampleAcknowledgementByTechnician_DDCRefundCancel.S46_Canceling2of4ServicesWithBothBillAndItemLevelDiscountInAmountAndPatientFullyPaidTheBill" tests="1" failures="0" timestamp="11 Jun 2018 07:33:20 GMT" time="424.209" errors="0">
  <testcase name="s46_Canceling2of4ServicesWithBothBillAndItemLevelDiscountInAmountAndPatientFullyPaidTheBill" time="424.209" classname="tc_BasicDispatch_SelectPrinter_SampleAcknowledgementByTechnician_DDCRefundCancel.S46_Canceling2of4ServicesWithBothBillAndItemLevelDiscountInAmountAndPatientFullyPaidTheBill"/>
</testsuite> <!-- tc_BasicDispatch_SelectPrinter_SampleAcknowledgementByTechnician_DDCRefundCancel.S46_Canceling2of4ServicesWithBothBillAndItemLevelDiscountInAmountAndPatientFullyPaidTheBill -->
