<?xml version="1.0" encoding="UTF-8"?>
<!-- Generated by org.testng.reporters.JUnitReportReporter -->
<testsuite skipped="0" hostname="CD059" name="tc_BasicDispatch_SelectPrinter_SampleAcknowledgementByTechnician_DDCRefundCancel.S52_Canceling2of4ServicesWithItemLevelDiscountInAmountAndPatientNotPaidTheBill" tests="1" failures="0" timestamp="11 Jun 2018 07:33:20 GMT" time="506.591" errors="0">
  <testcase name="s52_Canceling2of4ServicesWithItemLevelDiscountInAmountAndPatientNotPaidTheBill" time="506.591" classname="tc_BasicDispatch_SelectPrinter_SampleAcknowledgementByTechnician_DDCRefundCancel.S52_Canceling2of4ServicesWithItemLevelDiscountInAmountAndPatientNotPaidTheBill"/>
</testsuite> <!-- tc_BasicDispatch_SelectPrinter_SampleAcknowledgementByTechnician_DDCRefundCancel.S52_Canceling2of4ServicesWithItemLevelDiscountInAmountAndPatientNotPaidTheBill -->
