<?xml version="1.0" encoding="UTF-8"?>
<!-- Generated by org.testng.reporters.JUnitReportReporter -->
<testsuite skipped="0" hostname="CD059" name="Smoke.NewInstance_BulkEntryROAR_PreliminaryAndFinal_UptoDispatch_Growth" tests="1" failures="0" timestamp="28 Jun 2018 04:51:04 GMT" time="341.502" errors="0">
  <testcase name="newInstance_BulkEntryROAR_PreliminaryAndFinal_UptoDispatch_Growth" time="341.502" classname="Smoke.NewInstance_BulkEntryROAR_PreliminaryAndFinal_UptoDispatch_Growth"/>
</testsuite> <!-- Smoke.NewInstance_BulkEntryROAR_PreliminaryAndFinal_UptoDispatch_Growth -->
