<?xml version="1.0" encoding="UTF-8"?>
<!-- Generated by org.testng.reporters.JUnitReportReporter -->
<testsuite skipped="0" hostname="CD059" name="tc_BasicDispatch_SelectPrinter_SampleAcknowledgementByTechnician_DDCRefundCancel.S50_Canceling2of4ServicesWithBillLevelDiscountInAmountAndPatientFullyPaidTheBill" tests="1" failures="0" timestamp="11 Jun 2018 07:33:20 GMT" time="368.191" errors="0">
  <testcase name="s50_Canceling2of4ServicesWithBillLevelDiscountInAmountAndPatientFullyPaidTheBill" time="368.191" classname="tc_BasicDispatch_SelectPrinter_SampleAcknowledgementByTechnician_DDCRefundCancel.S50_Canceling2of4ServicesWithBillLevelDiscountInAmountAndPatientFullyPaidTheBill"/>
</testsuite> <!-- tc_BasicDispatch_SelectPrinter_SampleAcknowledgementByTechnician_DDCRefundCancel.S50_Canceling2of4ServicesWithBillLevelDiscountInAmountAndPatientFullyPaidTheBill -->
