<?xml version="1.0" encoding="UTF-8"?>
<!-- Generated by org.testng.reporters.JUnitReportReporter -->
<testsuite skipped="0" hostname="CD059" name="tc_BasicDispatch_SelectPrinter_SampleAcknowledgementByTechnician_DDCRefundCancel.S51_Canceling2of4ServicesWithItemLevelDiscountInPercentageAndPatientFullyPaidTheBill" tests="1" failures="0" timestamp="11 Jun 2018 07:33:20 GMT" time="437.769" errors="0">
  <testcase name="s51_Canceling2of4ServicesWithItemLevelDiscountInPercentageAndPatientFullyPaidTheBill" time="437.769" classname="tc_BasicDispatch_SelectPrinter_SampleAcknowledgementByTechnician_DDCRefundCancel.S51_Canceling2of4ServicesWithItemLevelDiscountInPercentageAndPatientFullyPaidTheBill"/>
</testsuite> <!-- tc_BasicDispatch_SelectPrinter_SampleAcknowledgementByTechnician_DDCRefundCancel.S51_Canceling2of4ServicesWithItemLevelDiscountInPercentageAndPatientFullyPaidTheBill -->
