<?xml version="1.0" encoding="UTF-8"?>
<!-- Generated by org.testng.reporters.JUnitReportReporter -->
<testsuite skipped="0" hostname="CD059" name="tc_BasicDispatch_SelectPrinter_SampleAcknowledgementByTechnician_DDCRefundCancel.S53_Canceling2of4ServicesWithItemLevelDiscountInPercentageAndPatientNotPaidTheBill" tests="1" failures="0" timestamp="11 Jun 2018 07:33:20 GMT" time="557.691" errors="0">
  <testcase name="s53_Canceling2of4ServicesWithItemLevelDiscountInPercentageAndPatientNotPaidTheBill" time="557.691" classname="tc_BasicDispatch_SelectPrinter_SampleAcknowledgementByTechnician_DDCRefundCancel.S53_Canceling2of4ServicesWithItemLevelDiscountInPercentageAndPatientNotPaidTheBill"/>
</testsuite> <!-- tc_BasicDispatch_SelectPrinter_SampleAcknowledgementByTechnician_DDCRefundCancel.S53_Canceling2of4ServicesWithItemLevelDiscountInPercentageAndPatientNotPaidTheBill -->
