<?xml version="1.0" encoding="UTF-8"?>
<!-- Generated by org.testng.reporters.JUnitReportReporter -->
<testsuite skipped="0" hostname="CD059" name="tc_BasicDispatch_SelectPrinter_SampleAcknowledgementByTechnician_DDCRefundCancel.S44_Canceling2of4ServicesWithBothBillAndItemLevelDiscountInAmountAndPatientNotPaidTheBill" tests="1" failures="0" timestamp="11 Jun 2018 07:33:20 GMT" time="482.523" errors="0">
  <testcase name="s44_Canceling2of4ServicesWithBothBillAndItemLevelDiscountInAmountAndPatientNotPaidTheBill" time="482.523" classname="tc_BasicDispatch_SelectPrinter_SampleAcknowledgementByTechnician_DDCRefundCancel.S44_Canceling2of4ServicesWithBothBillAndItemLevelDiscountInAmountAndPatientNotPaidTheBill"/>
</testsuite> <!-- tc_BasicDispatch_SelectPrinter_SampleAcknowledgementByTechnician_DDCRefundCancel.S44_Canceling2of4ServicesWithBothBillAndItemLevelDiscountInAmountAndPatientNotPaidTheBill -->
