<?xml version="1.0" encoding="UTF-8"?>
<!-- Generated by org.testng.reporters.JUnitReportReporter -->
<testsuite skipped="0" hostname="CD059" name="tc_BasicDispatch_SelectPrinter_SampleAcknowledgementByTechnician_DDCRefundCancel.S48_Canceling2of4ServicesWithBillLevelDiscountInAmountAndPatientNotPaidTheBill" tests="1" failures="0" timestamp="11 Jun 2018 07:33:20 GMT" time="477.271" errors="0">
  <testcase name="s48_Canceling2of4ServicesWithBillLevelDiscountInAmountAndPatientNotPaidTheBill" time="477.271" classname="tc_BasicDispatch_SelectPrinter_SampleAcknowledgementByTechnician_DDCRefundCancel.S48_Canceling2of4ServicesWithBillLevelDiscountInAmountAndPatientNotPaidTheBill"/>
</testsuite> <!-- tc_BasicDispatch_SelectPrinter_SampleAcknowledgementByTechnician_DDCRefundCancel.S48_Canceling2of4ServicesWithBillLevelDiscountInAmountAndPatientNotPaidTheBill -->
