<?xml version="1.0" encoding="UTF-8"?>
<!-- Generated by org.testng.reporters.JUnitReportReporter -->
<testsuite skipped="0" hostname="CD059" name="Smoke.NewInstance_BulkEntryROAR_PreliminaryAndFinal_UptoDispatch_NoGrowth" tests="1" failures="0" timestamp="28 Jun 2018 08:48:10 GMT" time="341.643" errors="0">
  <testcase name="smoke_BulkEntryROAR_PreliminaryAndFinal_UptoDispatch_NoGrowth" time="341.643" classname="Smoke.NewInstance_BulkEntryROAR_PreliminaryAndFinal_UptoDispatch_NoGrowth"/>
</testsuite> <!-- Smoke.NewInstance_BulkEntryROAR_PreliminaryAndFinal_UptoDispatch_NoGrowth -->
