<?xml version="1.0" encoding="UTF-8"?>
<!-- Generated by org.testng.reporters.JUnitReportReporter -->
<testsuite skipped="0" hostname="CD059" name="tc_BasicDispatch_SelectPrinter_SampleAcknowledgementByTechnician_DDCRefundCancel.S47_Canceling2of4ServicesWithBillLevelDiscountInPercentageAndPatientFullyPaidTheBill" tests="1" failures="0" timestamp="11 Jun 2018 07:33:20 GMT" time="422.293" errors="0">
  <testcase name="s47_Canceling2of4ServicesWithBillLevelDiscountInPercentageAndPatientFullyPaidTheBill" time="422.293" classname="tc_BasicDispatch_SelectPrinter_SampleAcknowledgementByTechnician_DDCRefundCancel.S47_Canceling2of4ServicesWithBillLevelDiscountInPercentageAndPatientFullyPaidTheBill"/>
</testsuite> <!-- tc_BasicDispatch_SelectPrinter_SampleAcknowledgementByTechnician_DDCRefundCancel.S47_Canceling2of4ServicesWithBillLevelDiscountInPercentageAndPatientFullyPaidTheBill -->
