<?xml version="1.0" encoding="UTF-8"?>
<!-- Generated by org.testng.reporters.JUnitReportReporter -->
<testsuite skipped="0" hostname="CD059" name="tc_BasicDispatch_SelectPrinter_SampleAcknowledgementByTechnician_DDCRefundCancel.S43_Canceling2of4ServicesWithBothBillAndItemLevelDiscountInPercentageAndPatientFullyPaidTheBill" tests="1" failures="0" timestamp="11 Jun 2018 10:21:50 GMT" time="352.378" errors="0">
  <testcase name="s43_Canceling2of4ServicesWithBothBillAndItemLevelDiscountInPercentageAndPatientFullyPaidTheBill" time="352.378" classname="tc_BasicDispatch_SelectPrinter_SampleAcknowledgementByTechnician_DDCRefundCancel.S43_Canceling2of4ServicesWithBothBillAndItemLevelDiscountInPercentageAndPatientFullyPaidTheBill"/>
</testsuite> <!-- tc_BasicDispatch_SelectPrinter_SampleAcknowledgementByTechnician_DDCRefundCancel.S43_Canceling2of4ServicesWithBothBillAndItemLevelDiscountInPercentageAndPatientFullyPaidTheBill -->
