<?xml version="1.0" encoding="UTF-8"?>
<!-- Generated by org.testng.reporters.JUnitReportReporter -->
<testsuite skipped="0" hostname="CD059" name="tc_BasicDispatch_SelectPrinter_SampleAcknowledgementByTechnician.S1_SelfFullBillPaidWithPackage" tests="1" failures="0" timestamp="14 Jun 2018 08:56:06 GMT" time="14.659" errors="0">
  <testcase name="s1_SelfFullBillPaidWithPackage" time="14.659" classname="tc_BasicDispatch_SelectPrinter_SampleAcknowledgementByTechnician.S1_SelfFullBillPaidWithPackage"/>
</testsuite> <!-- tc_BasicDispatch_SelectPrinter_SampleAcknowledgementByTechnician.S1_SelfFullBillPaidWithPackage -->
